<?xml version="1.0" encoding="UTF-8"?>
<!-- Generated by org.testng.reporters.JUnitReportReporter -->
<testsuite hostname="chandrasheker" failures="0" tests="2" name="google.GoogleTest" time="3.189" errors="0" timestamp="2024-11-16T07:25:17 IST" skipped="0">
  <testcase classname="google.GoogleTest" name="Google_Test2" time="1.459"/>
  <testcase classname="google.GoogleTest" name="Google_Test1" time="1.730"/>
</testsuite> <!-- google.GoogleTest -->
