<?xml version="1.0" encoding="UTF-8"?>
<!-- Generated by org.testng.reporters.JUnitReportReporter -->
<testsuite hostname="chandrasheker" failures="0" tests="2" name="yahoomail.YahooTest" time="3.338" errors="0" timestamp="2024-11-16T07:25:17 IST" skipped="0">
  <testcase classname="yahoomail.YahooTest" name="Yahoo_Test2" time="1.278"/>
  <testcase classname="yahoomail.YahooTest" name="Yahoo_Test1" time="2.060"/>
</testsuite> <!-- yahoomail.YahooTest -->
